Collecting pl-core-news-sm@ https://github.com/explosion/spacy-models/releases/download/pl_core_news_sm-3.7.0/pl_core_news_sm-3.7.0-py3-none-any.whl (from -r requirements.txt (line 531))
  Downloading https://github.com/explosion/spacy-models/releases/download/pl_core_news_sm-3.7.0/pl_core_news_sm-3.7.0-py3-none-any.whl (20.2 MB)
     ━━━━━━━━━━━━━━━━━━━━━━━━━━━━━━━━━━━━━━━━ 20.2/20.2 MB 283.9 MB/s  0:00:00
Collecting aiofiles==24.1.0 (from -r requirements.txt (line 7))
  Downloading aiofiles-24.1.0-py3-none-any.whl.metadata (10 kB)
Collecting aiohappyeyeballs==2.6.1 (from -r requirements.txt (line 9))
  Downloading aiohappyeyeballs-2.6.1-py3-none-any.whl.metadata (5.9 kB)
Collecting aiohttp==3.12.15 (from -r requirements.txt (line 13))
  Downloading aiohttp-3.12.15-cp313-cp313-manylinux_2_17_x86_64.manylinux2014_x86_64.whl.metadata (7.7 kB)
Collecting aiosignal==1.4.0 (from -r requirements.txt (line 17))
  Downloading aiosignal-1.4.0-py3-none-any.whl.metadata (3.7 kB)
Collecting alembic==1.16.2 (from -r requirements.txt (line 21))
  Downloading alembic-1.16.2-py3-none-any.whl.metadata (7.3 kB)
Collecting amqp==5.3.1 (from -r requirements.txt (line 23))
  Downloading amqp-5.3.1-py3-none-any.whl.metadata (8.9 kB)
Collecting annotated-types==0.7.0 (from -r requirements.txt (line 27))
  Downloading annotated_types-0.7.0-py3-none-any.whl.metadata (15 kB)
Collecting anyio==4.10.0 (from -r requirements.txt (line 31))
  Downloading anyio-4.10.0-py3-none-any.whl.metadata (4.0 kB)
Collecting astroid==3.0.3 (from -r requirements.txt (line 38))
  Downloading astroid-3.0.3-py3-none-any.whl.metadata (4.5 kB)
Collecting asyncpg==0.30.0 (from -r requirements.txt (line 42))
  Downloading asyncpg-0.30.0-cp313-cp313-manylinux_2_17_x86_64.manylinux2014_x86_64.whl.metadata (5.0 kB)
Collecting attrs==25.3.0 (from -r requirements.txt (line 44))
  Downloading attrs-25.3.0-py3-none-any.whl.metadata (10 kB)
Collecting backoff==2.2.1 (from -r requirements.txt (line 50))
  Downloading backoff-2.2.1-py3-none-any.whl.metadata (14 kB)
Collecting bcrypt==4.3.0 (from -r requirements.txt (line 54))
  Downloading bcrypt-4.3.0-cp39-abi3-manylinux_2_34_x86_64.whl.metadata (10 kB)
Collecting beautifulsoup4==4.13.5 (from -r requirements.txt (line 58))
  Downloading beautifulsoup4-4.13.5-py3-none-any.whl.metadata (3.8 kB)
Collecting billiard==4.2.1 (from -r requirements.txt (line 62))
  Downloading billiard-4.2.1-py3-none-any.whl.metadata (4.4 kB)
Collecting black==23.12.0 (from -r requirements.txt (line 66))
  Downloading black-23.12.0-py3-none-any.whl.metadata (68 kB)
Collecting blis==0.7.11 (from -r requirements.txt (line 68))
  Downloading blis-0.7.11.tar.gz (2.9 MB)
     ━━━━━━━━━━━━━━━━━━━━━━━━━━━━━━━━━━━━━━━━ 2.9/2.9 MB 198.3 MB/s  0:00:00
  Installing build dependencies: started
  Installing build dependencies: finished with status 'done'
  Getting requirements to build wheel: started
  Getting requirements to build wheel: finished with status 'done'
  Preparing metadata (pyproject.toml): started
  Preparing metadata (pyproject.toml): finished with status 'done'
Collecting cachecontrol==0.12.14 (from cachecontrol[filecache]==0.12.14->-r requirements.txt (line 72))
  Downloading CacheControl-0.12.14-py2.py3-none-any.whl.metadata (2.2 kB)
Collecting catalogue==2.0.10 (from -r requirements.txt (line 76))
  Downloading catalogue-2.0.10-py3-none-any.whl.metadata (14 kB)
Collecting celery==5.5.3 (from -r requirements.txt (line 82))
  Downloading celery-5.5.3-py3-none-any.whl.metadata (22 kB)
Collecting certifi==2025.8.3 (from -r requirements.txt (line 84))
  Downloading certifi-2025.8.3-py3-none-any.whl.metadata (2.4 kB)
Collecting cffi==1.17.1 (from -r requirements.txt (line 91))
  Downloading cffi-1.17.1-cp313-cp313-manylinux_2_17_x86_64.manylinux2014_x86_64.whl.metadata (1.5 kB)
Collecting chardet==5.2.0 (from -r requirements.txt (line 96))
  Downloading chardet-5.2.0-py3-none-any.whl.metadata (3.4 kB)
Collecting charset-normalizer==3.4.3 (from -r requirements.txt (line 100))
  Downloading charset_normalizer-3.4.3-cp313-cp313-manylinux2014_x86_64.manylinux_2_17_x86_64.manylinux_2_28_x86_64.whl.metadata (36 kB)
Collecting cleo==2.1.0 (from -r requirements.txt (line 106))
  Downloading cleo-2.1.0-py3-none-any.whl.metadata (12 kB)
Collecting click==8.2.1 (from -r requirements.txt (line 110))
  Downloading click-8.2.1-py3-none-any.whl.metadata (2.5 kB)
Collecting click-didyoumean==0.3.1 (from -r requirements.txt (line 122))
  Downloading click_didyoumean-0.3.1-py3-none-any.whl.metadata (3.9 kB)
Collecting click-plugins==1.1.1.2 (from -r requirements.txt (line 126))
  Downloading click_plugins-1.1.1.2-py2.py3-none-any.whl.metadata (6.5 kB)
Collecting click-repl==0.3.0 (from -r requirements.txt (line 130))
  Downloading click_repl-0.3.0-py3-none-any.whl.metadata (3.6 kB)
Collecting cloudpathlib==0.16.0 (from -r requirements.txt (line 134))
  Downloading cloudpathlib-0.16.0-py3-none-any.whl.metadata (14 kB)
Collecting confection==0.1.5 (from -r requirements.txt (line 138))
  Downloading confection-0.1.5-py3-none-any.whl.metadata (19 kB)
Collecting crashtest==0.4.1 (from -r requirements.txt (line 143))
  Downloading crashtest-0.4.1-py3-none-any.whl.metadata (1.1 kB)
Collecting cryptography==45.0.6 (from -r requirements.txt (line 148))
  Downloading cryptography-45.0.6-cp311-abi3-manylinux_2_34_x86_64.whl.metadata (5.7 kB)
Collecting cymem==2.0.11 (from -r requirements.txt (line 153))
  Downloading cymem-2.0.11-cp313-cp313-manylinux_2_17_x86_64.manylinux2014_x86_64.whl.metadata (8.5 kB)
Collecting dataclasses-json==0.6.7 (from -r requirements.txt (line 159))
  Downloading dataclasses_json-0.6.7-py3-none-any.whl.metadata (25 kB)
Collecting dateparser==1.2.2 (from -r requirements.txt (line 164))
  Downloading dateparser-1.2.2-py3-none-any.whl.metadata (29 kB)
Collecting deepdiff==8.0.1 (from -r requirements.txt (line 166))
  Downloading deepdiff-8.0.1-py3-none-any.whl.metadata (8.5 kB)
Collecting dill==0.4.0 (from -r requirements.txt (line 170))
  Downloading dill-0.4.0-py3-none-any.whl.metadata (10 kB)
Collecting distlib==0.4.0 (from -r requirements.txt (line 174))
  Downloading distlib-0.4.0-py2.py3-none-any.whl.metadata (5.2 kB)
Collecting distro==1.9.0 (from -r requirements.txt (line 178))
  Downloading distro-1.9.0-py3-none-any.whl.metadata (6.8 kB)
Collecting dnspython==2.7.0 (from -r requirements.txt (line 182))
  Downloading dnspython-2.7.0-py3-none-any.whl.metadata (5.8 kB)
Collecting dulwich==0.20.50 (from -r requirements.txt (line 186))
  Downloading dulwich-0.20.50.tar.gz (430 kB)
  Installing build dependencies: started
  Installing build dependencies: finished with status 'done'
  Getting requirements to build wheel: started
  Getting requirements to build wheel: finished with status 'done'
  Preparing metadata (pyproject.toml): started
  Preparing metadata (pyproject.toml): finished with status 'done'
Collecting ecdsa==0.19.1 (from -r requirements.txt (line 190))
  Downloading ecdsa-0.19.1-py2.py3-none-any.whl.metadata (29 kB)
Collecting email-validator==2.2.0 (from -r requirements.txt (line 194))
  Downloading email_validator-2.2.0-py3-none-any.whl.metadata (25 kB)
Collecting emoji==2.14.1 (from -r requirements.txt (line 196))
  Downloading emoji-2.14.1-py3-none-any.whl.metadata (5.7 kB)
Collecting fastapi==0.116.1 (from -r requirements.txt (line 200))
  Downloading fastapi-0.116.1-py3-none-any.whl.metadata (28 kB)
Collecting filelock==3.19.1 (from -r requirements.txt (line 202))
  Downloading filelock-3.19.1-py3-none-any.whl.metadata (2.1 kB)
Collecting filetype==1.2.0 (from -r requirements.txt (line 210))
  Downloading filetype-1.2.0-py2.py3-none-any.whl.metadata (6.5 kB)
Collecting flake8==6.1.0 (from -r requirements.txt (line 214))
  Downloading flake8-6.1.0-py2.py3-none-any.whl.metadata (3.8 kB)
Collecting frozenlist==1.7.0 (from -r requirements.txt (line 216))
  Downloading frozenlist-1.7.0-cp313-cp313-manylinux_2_5_x86_64.manylinux1_x86_64.manylinux_2_17_x86_64.manylinux2014_x86_64.whl.metadata (18 kB)
Collecting fsspec==2025.7.0 (from -r requirements.txt (line 221))
  Downloading fsspec-2025.7.0-py3-none-any.whl.metadata (12 kB)
Collecting googleapis-common-protos==1.70.0 (from -r requirements.txt (line 226))
  Downloading googleapis_common_protos-1.70.0-py3-none-any.whl.metadata (9.3 kB)
Collecting grpcio==1.74.0 (from -r requirements.txt (line 231))
  Downloading grpcio-1.74.0-cp313-cp313-manylinux_2_17_x86_64.manylinux2014_x86_64.whl.metadata (3.8 kB)
Collecting h11==0.16.0 (from -r requirements.txt (line 236))
  Downloading h11-0.16.0-py3-none-any.whl.metadata (8.3 kB)
Collecting h2==4.3.0 (from -r requirements.txt (line 241))
  Downloading h2-4.3.0-py3-none-any.whl.metadata (5.1 kB)
Collecting hf-xet==1.1.8 (from -r requirements.txt (line 245))
  Downloading hf_xet-1.1.8-cp37-abi3-manylinux_2_17_x86_64.manylinux2014_x86_64.whl.metadata (703 bytes)
Collecting hpack==4.1.0 (from -r requirements.txt (line 249))
  Downloading hpack-4.1.0-py3-none-any.whl.metadata (4.6 kB)
Collecting html5lib==1.1 (from -r requirements.txt (line 253))
  Downloading html5lib-1.1-py2.py3-none-any.whl.metadata (16 kB)
Collecting httpcore==1.0.9 (from -r requirements.txt (line 258))
  Downloading httpcore-1.0.9-py3-none-any.whl.metadata (21 kB)
Collecting httptools==0.6.4 (from -r requirements.txt (line 262))
  Downloading httptools-0.6.4-cp313-cp313-manylinux_2_5_x86_64.manylinux1_x86_64.manylinux_2_17_x86_64.manylinux2014_x86_64.whl.metadata (3.6 kB)
Collecting httpx==0.28.1 (from httpx[http2]==0.28.1->-r requirements.txt (line 266))
  Downloading httpx-0.28.1-py3-none-any.whl.metadata (7.1 kB)
Collecting huggingface-hub==0.34.4 (from -r requirements.txt (line 271))
  Downloading huggingface_hub-0.34.4-py3-none-any.whl.metadata (14 kB)
Collecting hyperframe==6.1.0 (from -r requirements.txt (line 277))
  Downloading hyperframe-6.1.0-py3-none-any.whl.metadata (4.3 kB)
Collecting idna==3.10 (from -r requirements.txt (line 281))
  Downloading idna-3.10-py3-none-any.whl.metadata (10 kB)
Collecting importlib-metadata==8.7.0 (from -r requirements.txt (line 290))
  Downloading importlib_metadata-8.7.0-py3-none-any.whl.metadata (4.8 kB)
Collecting isort==5.13.2 (from -r requirements.txt (line 295))
  Downloading isort-5.13.2-py3-none-any.whl.metadata (12 kB)
Collecting jaraco-classes==3.4.0 (from -r requirements.txt (line 299))
  Downloading jaraco.classes-3.4.0-py3-none-any.whl.metadata (2.6 kB)
Collecting jinja2==3.1.6 (from -r requirements.txt (line 303))
  Downloading jinja2-3.1.6-py3-none-any.whl.metadata (2.9 kB)
Collecting jiter==0.10.0 (from -r requirements.txt (line 308))
  Downloading jiter-0.10.0-cp313-cp313-manylinux_2_17_x86_64.manylinux2014_x86_64.whl.metadata (5.2 kB)
Collecting joblib==1.5.1 (from -r requirements.txt (line 312))
  Downloading joblib-1.5.1-py3-none-any.whl.metadata (5.6 kB)
Collecting jsonpath-python==1.0.6 (from -r requirements.txt (line 317))
  Downloading jsonpath_python-1.0.6-py3-none-any.whl.metadata (12 kB)
Collecting jsonschema==4.25.1 (from -r requirements.txt (line 321))
  Downloading jsonschema-4.25.1-py3-none-any.whl.metadata (7.6 kB)
Collecting jsonschema-specifications==2025.4.1 (from -r requirements.txt (line 325))
  Downloading jsonschema_specifications-2025.4.1-py3-none-any.whl.metadata (2.9 kB)
Collecting keyring==23.13.1 (from -r requirements.txt (line 329))
  Downloading keyring-23.13.1-py3-none-any.whl.metadata (20 kB)
Collecting kombu==5.5.4 (from -r requirements.txt (line 333))
  Downloading kombu-5.5.4-py3-none-any.whl.metadata (3.5 kB)
Collecting langcodes==3.5.0 (from -r requirements.txt (line 337))
  Downloading langcodes-3.5.0-py3-none-any.whl.metadata (29 kB)
Collecting langdetect==1.0.9 (from -r requirements.txt (line 341))
  Downloading langdetect-1.0.9.tar.gz (981 kB)
     ━━━━━━━━━━━━━━━━━━━━━━━━━━━━━━━━━━━━━━━━ 981.5/981.5 kB 564.6 MB/s  0:00:00
  Installing build dependencies: started
  Installing build dependencies: finished with status 'done'
  Getting requirements to build wheel: started
  Getting requirements to build wheel: finished with status 'done'
  Preparing metadata (pyproject.toml): started
  Preparing metadata (pyproject.toml): finished with status 'done'
Collecting language-data==1.3.0 (from -r requirements.txt (line 345))
  Downloading language_data-1.3.0-py3-none-any.whl.metadata (4.3 kB)
Collecting lockfile==0.12.2 (from -r requirements.txt (line 349))
  Downloading lockfile-0.12.2-py2.py3-none-any.whl.metadata (2.4 kB)
Collecting lxml==6.0.1 (from -r requirements.txt (line 354))
  Downloading lxml-6.0.1-cp313-cp313-manylinux_2_26_x86_64.manylinux_2_28_x86_64.whl.metadata (3.8 kB)
Collecting mako==1.3.10 (from -r requirements.txt (line 359))
  Downloading mako-1.3.10-py3-none-any.whl.metadata (2.9 kB)
Collecting marisa-trie==1.3.0 (from -r requirements.txt (line 363))
  Downloading marisa_trie-1.3.0-cp313-cp313-manylinux_2_24_x86_64.manylinux_2_28_x86_64.whl.metadata (10 kB)
Collecting markupsafe==3.0.2 (from -r requirements.txt (line 367))
  Downloading MarkupSafe-3.0.2-cp313-cp313-manylinux_2_17_x86_64.manylinux2014_x86_64.whl.metadata (4.0 kB)
Collecting marshmallow==3.26.1 (from -r requirements.txt (line 372))
  Downloading marshmallow-3.26.1-py3-none-any.whl.metadata (7.3 kB)
Collecting mccabe==0.7.0 (from -r requirements.txt (line 377))
  Downloading mccabe-0.7.0-py2.py3-none-any.whl.metadata (5.0 kB)
Collecting more-itertools==10.7.0 (from -r requirements.txt (line 382))
  Downloading more_itertools-10.7.0-py3-none-any.whl.metadata (37 kB)
Collecting mpmath==1.3.0 (from -r requirements.txt (line 386))
  Downloading mpmath-1.3.0-py3-none-any.whl.metadata (8.6 kB)
Collecting msgpack==1.1.1 (from -r requirements.txt (line 390))
  Downloading msgpack-1.1.1-cp313-cp313-manylinux_2_17_x86_64.manylinux2014_x86_64.whl.metadata (8.4 kB)
Collecting multidict==6.6.4 (from -r requirements.txt (line 394))
  Downloading multidict-6.6.4-cp313-cp313-manylinux2014_x86_64.manylinux_2_17_x86_64.manylinux_2_28_x86_64.whl.metadata (5.3 kB)
Collecting murmurhash==1.0.13 (from -r requirements.txt (line 399))
  Downloading murmurhash-1.0.13-cp313-cp313-manylinux_2_5_x86_64.manylinux1_x86_64.manylinux_2_17_x86_64.manylinux2014_x86_64.whl.metadata (2.2 kB)
Collecting mypy==1.7.1 (from -r requirements.txt (line 405))
  Downloading mypy-1.7.1-py3-none-any.whl.metadata (1.8 kB)
Collecting mypy-extensions==1.1.0 (from -r requirements.txt (line 407))
  Downloading mypy_extensions-1.1.0-py3-none-any.whl.metadata (1.1 kB)
Collecting networkx==3.5 (from -r requirements.txt (line 414))
  Downloading networkx-3.5-py3-none-any.whl.metadata (6.3 kB)
Collecting nltk==3.9.1 (from -r requirements.txt (line 418))
  Downloading nltk-3.9.1-py3-none-any.whl.metadata (2.9 kB)
Collecting numpy==1.26.4 (from -r requirements.txt (line 422))
  Downloading numpy-1.26.4.tar.gz (15.8 MB)
     ━━━━━━━━━━━━━━━━━━━━━━━━━━━━━━━━━━━━━━━━ 15.8/15.8 MB 220.2 MB/s  0:00:00
  Installing build dependencies: started
  Installing build dependencies: finished with status 'done'
  Getting requirements to build wheel: started
  Getting requirements to build wheel: finished with status 'done'
  Installing backend dependencies: started
  Installing backend dependencies: finished with status 'done'
  Preparing metadata (pyproject.toml): started
